2018-04-11T16:46:45.017Z - info: User function triggered, starting execution
2018-04-11T16:46:45.029Z - info: Execution took 13 ms, user function completed successfully
2018-04-11T16:46:45.048Z - info: Worker for doesShopExist closed due to file changes.
2018-04-11T16:46:45.054Z - info: Worker for addShop closed due to file changes.
2018-04-11T16:46:46.458Z - info: User function triggered, starting execution
2018-04-11T16:46:48.377Z - info: Execution took 2968 ms, finished with status: 'crash'
2018-04-11T16:47:45.405Z - info: User function triggered, starting execution
2018-04-11T16:47:45.416Z - info: Execution took 12 ms, user function completed successfully
2018-04-11T16:47:45.749Z - info: User function triggered, starting execution
2018-04-11T16:47:46.048Z - info: User function triggered, starting execution
2018-04-11T16:47:46.060Z - info: Execution took 13 ms, user function completed successfully
2018-04-11T16:47:46.392Z - info: User function triggered, starting execution
2018-04-11T16:47:46.589Z - info: Execution took 839 ms, user function completed successfully
2018-04-11T16:47:46.594Z - error: (node:11024) UnhandledPromiseRejectionWarning: Unhandled promise rejection (rejection id: 1): Error: Can't set headers after they are sent.
(node:11024) [DEP0018] DeprecationWarning: Unhandled promise rejections are deprecated. In the future, promise rejections that are not handled will terminate the Node.js process with a non-zero exit code.
2018-04-11T16:47:47.287Z - info: Execution took 895 ms, user function completed successfully
2018-04-11T16:47:47.291Z - error: (node:12600) UnhandledPromiseRejectionWarning: Unhandled promise rejection (rejection id: 1): Error: Can't set headers after they are sent.
(node:12600) [DEP0018] DeprecationWarning: Unhandled promise rejections are deprecated. In the future, promise rejections that are not handled will terminate the Node.js process with a non-zero exit code.
2018-04-11T16:47:53.044Z - info: User function triggered, starting execution
2018-04-11T16:47:53.049Z - info: Execution took 0 ms, user function completed successfully
2018-04-11T16:47:53.294Z - info: User function triggered, starting execution
2018-04-11T16:47:53.339Z - info: Execution took 44 ms, user function completed successfully
2018-04-11T16:47:56.352Z - info: User function triggered, starting execution
2018-04-11T16:47:56.395Z - info: Execution took 42 ms, user function completed successfully
2018-04-11T16:47:56.401Z - error: (node:12600) UnhandledPromiseRejectionWarning: Unhandled promise rejection (rejection id: 2): Error: Can't set headers after they are sent.
2018-04-11T16:52:32.988Z - info: User function triggered, starting execution
2018-04-11T16:52:32.994Z - info: Execution took 1 ms, user function completed successfully
2018-04-11T16:52:33.238Z - info: User function triggered, starting execution
2018-04-11T16:52:33.280Z - info: Execution took 42 ms, user function completed successfully
2018-04-11T16:52:33.284Z - error: (node:12600) UnhandledPromiseRejectionWarning: Unhandled promise rejection (rejection id: 3): Error: Can't set headers after they are sent.
2018-04-11T16:52:36.506Z - info: User function triggered, starting execution
2018-04-11T16:52:36.550Z - info: Execution took 43 ms, user function completed successfully
2018-04-11T16:52:36.555Z - error: (node:12600) UnhandledPromiseRejectionWarning: Unhandled promise rejection (rejection id: 4): Error: Can't set headers after they are sent.
2018-04-11T16:52:39.607Z - info: User function triggered, starting execution
2018-04-11T16:52:39.613Z - info: Execution took 1 ms, user function completed successfully
2018-04-11T16:52:39.858Z - info: User function triggered, starting execution
2018-04-11T16:52:39.899Z - info: Execution took 40 ms, user function completed successfully
2018-04-11T16:52:39.902Z - error: (node:12600) UnhandledPromiseRejectionWarning: Unhandled promise rejection (rejection id: 5): Error: Can't set headers after they are sent.
2018-04-11T16:52:43.420Z - info: User function triggered, starting execution
2018-04-11T16:52:43.479Z - info: Execution took 57 ms, user function completed successfully
2018-04-11T16:56:07.699Z - info: User function triggered, starting execution
2018-04-11T16:56:07.704Z - info: Execution took 1 ms, user function completed successfully
2018-04-11T16:56:07.950Z - info: User function triggered, starting execution
2018-04-11T16:56:08.000Z - info: Execution took 49 ms, user function completed successfully
2018-04-11T16:56:44.720Z - info: User function triggered, starting execution
2018-04-11T16:56:44.726Z - info: Execution took 0 ms, user function completed successfully
2018-04-11T16:56:44.970Z - info: User function triggered, starting execution
2018-04-11T16:56:45.011Z - info: Execution took 39 ms, user function completed successfully
2018-04-11T16:57:47.738Z - info: User function triggered, starting execution
2018-04-11T16:57:47.746Z - info: Execution took 1 ms, user function completed successfully
2018-04-11T16:57:47.988Z - info: User function triggered, starting execution
2018-04-11T16:57:48.034Z - info: Execution took 43 ms, user function completed successfully
2018-04-11T16:57:48.039Z - error: (node:12600) UnhandledPromiseRejectionWarning: Unhandled promise rejection (rejection id: 6): Error: Can't set headers after they are sent.
2018-04-11T16:58:02.501Z - info: User function triggered, starting execution
2018-04-11T16:58:02.505Z - info: Execution took 0 ms, user function completed successfully
2018-04-11T16:58:02.751Z - info: User function triggered, starting execution
2018-04-11T16:58:02.793Z - info: Execution took 40 ms, user function completed successfully
2018-04-11T16:58:02.799Z - error: (node:12600) UnhandledPromiseRejectionWarning: Unhandled promise rejection (rejection id: 7): Error: Can't set headers after they are sent.
2018-04-11T16:58:04.573Z - info: User function triggered, starting execution
2018-04-11T16:58:04.617Z - info: Execution took 44 ms, user function completed successfully
2018-04-11T16:58:04.622Z - error: (node:12600) UnhandledPromiseRejectionWarning: Unhandled promise rejection (rejection id: 8): Error: Can't set headers after they are sent.
2018-04-11T16:58:06.879Z - info: User function triggered, starting execution
2018-04-11T16:58:06.926Z - info: Execution took 46 ms, user function completed successfully
2018-04-11T16:58:06.933Z - error: (node:12600) UnhandledPromiseRejectionWarning: Unhandled promise rejection (rejection id: 9): Error: Can't set headers after they are sent.
2018-04-11T16:58:09.477Z - info: User function triggered, starting execution
2018-04-11T16:58:09.482Z - info: Execution took 1 ms, user function completed successfully
2018-04-11T16:58:09.818Z - info: User function triggered, starting execution
2018-04-11T16:58:09.863Z - info: Execution took 42 ms, user function completed successfully
2018-04-11T16:59:28.007Z - info: User function triggered, starting execution
2018-04-11T16:59:28.017Z - info: Execution took 1 ms, user function completed successfully
2018-04-11T16:59:28.259Z - info: User function triggered, starting execution
2018-04-11T16:59:28.301Z - info: Execution took 41 ms, user function completed successfully
2018-04-11T16:59:28.309Z - error: (node:12600) UnhandledPromiseRejectionWarning: Unhandled promise rejection (rejection id: 10): Error: Can't set headers after they are sent.
2018-04-11T17:00:09.974Z - info: User function triggered, starting execution
2018-04-11T17:00:09.978Z - info: Execution took 1 ms, user function completed successfully
2018-04-11T17:00:10.223Z - info: User function triggered, starting execution
2018-04-11T17:00:10.262Z - info: Execution took 37 ms, user function completed successfully
2018-04-11T17:00:10.265Z - error: (node:12600) UnhandledPromiseRejectionWarning: Unhandled promise rejection (rejection id: 11): Error: Can't set headers after they are sent.
2018-04-11T17:00:15.910Z - info: User function triggered, starting execution
2018-04-11T17:00:15.916Z - info: Execution took 0 ms, user function completed successfully
2018-04-11T17:00:16.231Z - info: User function triggered, starting execution
2018-04-11T17:00:16.271Z - info: Execution took 39 ms, user function completed successfully
2018-04-11T17:00:16.278Z - error: (node:12600) UnhandledPromiseRejectionWarning: Unhandled promise rejection (rejection id: 12): Error: Can't set headers after they are sent.
2018-04-11T17:00:18.464Z - info: User function triggered, starting execution
2018-04-11T17:00:18.506Z - info: Execution took 42 ms, user function completed successfully
2018-04-11T17:00:18.510Z - error: (node:12600) UnhandledPromiseRejectionWarning: Unhandled promise rejection (rejection id: 13): Error: Can't set headers after they are sent.
2018-04-11T17:00:20.522Z - info: User function triggered, starting execution
2018-04-11T17:00:20.561Z - info: Execution took 38 ms, user function completed successfully
2018-04-11T17:00:43.244Z - info: User function triggered, starting execution
2018-04-11T17:00:43.252Z - info: Execution took 1 ms, user function completed successfully
2018-04-11T17:00:43.494Z - info: User function triggered, starting execution
2018-04-11T17:00:43.536Z - info: Execution took 40 ms, user function completed successfully
2018-04-11T17:01:40.010Z - info: User function triggered, starting execution
2018-04-11T17:01:40.014Z - info: Execution took 0 ms, user function completed successfully
2018-04-11T17:01:40.260Z - info: User function triggered, starting execution
2018-04-11T17:01:40.300Z - info: Execution took 39 ms, user function completed successfully
2018-04-11T17:02:48.571Z - info: User function triggered, starting execution
2018-04-11T17:02:48.576Z - info: Execution took 0 ms, user function completed successfully
2018-04-11T17:02:48.823Z - info: User function triggered, starting execution
2018-04-11T17:02:48.863Z - info: Execution took 41 ms, user function completed successfully
2018-04-11T17:02:48.867Z - error: (node:12600) UnhandledPromiseRejectionWarning: Unhandled promise rejection (rejection id: 14): Error: Can't set headers after they are sent.
2018-04-11T17:02:52.270Z - info: User function triggered, starting execution
2018-04-11T17:02:53.063Z - info: Execution took 791 ms, user function completed successfully
2018-04-11T17:03:16.168Z - info: User function triggered, starting execution
2018-04-11T17:03:16.173Z - info: Execution took 1 ms, user function completed successfully
2018-04-11T17:03:16.421Z - info: User function triggered, starting execution
2018-04-11T17:03:16.484Z - info: Execution took 61 ms, user function completed successfully
2018-04-11T17:03:16.489Z - error: (node:12600) UnhandledPromiseRejectionWarning: Unhandled promise rejection (rejection id: 15): Error: Can't set headers after they are sent.
2018-04-11T17:05:22.089Z - info: User function triggered, starting execution
2018-04-11T17:05:22.093Z - info: Execution took 1 ms, user function completed successfully
2018-04-11T17:05:22.337Z - info: User function triggered, starting execution
2018-04-11T17:05:22.376Z - info: Execution took 38 ms, user function completed successfully
2018-04-11T17:05:24.704Z - info: User function triggered, starting execution
2018-04-11T17:05:24.744Z - info: Execution took 40 ms, user function completed successfully
2018-04-11T17:05:24.748Z - error: (node:12600) UnhandledPromiseRejectionWarning: Unhandled promise rejection (rejection id: 16): Error: Can't set headers after they are sent.
2018-04-11T17:05:54.908Z - info: User function triggered, starting execution
2018-04-11T17:05:54.913Z - info: Execution took 1 ms, user function completed successfully
2018-04-11T17:05:55.159Z - info: User function triggered, starting execution
2018-04-11T17:05:55.209Z - info: Execution took 50 ms, user function completed successfully
2018-04-11T17:06:08.086Z - info: User function triggered, starting execution
2018-04-11T17:06:08.091Z - info: Execution took 1 ms, user function completed successfully
2018-04-11T17:06:08.335Z - info: User function triggered, starting execution
2018-04-11T17:06:08.374Z - info: Execution took 40 ms, user function completed successfully
2018-04-11T17:06:08.378Z - error: (node:12600) UnhandledPromiseRejectionWarning: Unhandled promise rejection (rejection id: 17): Error: Can't set headers after they are sent.
2018-04-11T17:07:33.563Z - info: User function triggered, starting execution
2018-04-11T17:07:33.567Z - info: Execution took 1 ms, user function completed successfully
2018-04-11T17:07:33.813Z - info: User function triggered, starting execution
2018-04-11T17:07:33.862Z - info: Execution took 48 ms, user function completed successfully
2018-04-11T17:07:41.975Z - info: User function triggered, starting execution
2018-04-11T17:07:41.980Z - info: Execution took 1 ms, user function completed successfully
2018-04-11T17:07:42.297Z - info: User function triggered, starting execution
2018-04-11T17:07:42.340Z - info: Execution took 42 ms, user function completed successfully
2018-04-11T17:07:42.344Z - error: (node:12600) UnhandledPromiseRejectionWarning: Unhandled promise rejection (rejection id: 18): Error: Can't set headers after they are sent.
2018-04-11T17:07:44.482Z - info: User function triggered, starting execution
2018-04-11T17:07:44.526Z - info: Execution took 43 ms, user function completed successfully
2018-04-11T17:07:44.531Z - error: (node:12600) UnhandledPromiseRejectionWarning: Unhandled promise rejection (rejection id: 19): Error: Can't set headers after they are sent.
2018-04-11T17:07:47.036Z - info: User function triggered, starting execution
2018-04-11T17:07:47.078Z - info: Execution took 42 ms, user function completed successfully
2018-04-11T17:17:15.444Z - error: Function worker killed by signal: SIGTERM
2018-04-11T17:25:52.324Z - info: Worker for doesShopExist closed due to file changes.
